1
[2011-05-26 14:07:29]	where :  WHERE startdate >= '2011-04-26 00:00:00'
[2011-05-26 14:07:29]	order :  ORDER BY `startdate` DESC
[2011-05-26 14:07:29]	limit :  LIMIT 0, 20
[2011-05-26 14:10:37]	where :  WHERE startdate >= '2011-04-26 00:00:00'
[2011-05-26 14:10:37]	order :  ORDER BY `startdate` DESC
[2011-05-26 14:10:37]	limit :  LIMIT 0, 20
[2011-05-26 14:13:50]	where :  WHERE startdate >= '2011-04-26 00:00:00'
[2011-05-26 14:13:50]	order :  ORDER BY `order_id` DESC
[2011-05-26 14:13:50]	limit :  LIMIT 0, 20
[2011-05-26 14:14:58]	where :  WHERE startdate >= '2011-04-26 00:00:00'
[2011-05-26 14:14:58]	order :  ORDER BY `order_id` DESC
[2011-05-26 14:14:58]	limit :  LIMIT 0, 20
[2011-05-26 14:14:58]	query : SELECT SUBSTR(meta_key, 13) AS order_id, member.ID, CONCAT(member.mem_name1, ' ', member.mem_name2) AS name, 
					(SELECT meta_value FROM wp_usces_member_meta WHERE member_id = member.ID AND meta_key = 'limitofcard') AS limitofcard, 
					con.meta_value AS meta_con 
					FROM wp_usces_member AS member 
					INNER JOIN wp_usces_member_meta AS con ON member.ID = con.member_id AND meta_key LIKE 'continuepay_%' 
					' ORDER BY `order_id` DESC' ' LIMIT 0, 20'
[2011-05-26 14:16:20]	where :  WHERE startdate >= '2011-04-26 00:00:00'
[2011-05-26 14:16:20]	order :  ORDER BY `order_id` DESC
[2011-05-26 14:16:20]	limit :  LIMIT 0, 20
[2011-05-26 14:16:20]	query : SELECT SUBSTR(meta_key, 13) AS order_id, member.ID, CONCAT(member.mem_name1, ' ', member.mem_name2) AS name, 
					(SELECT meta_value FROM wp_usces_member_meta WHERE member_id = member.ID AND meta_key = 'limitofcard') AS limitofcard, 
					con.meta_value AS meta_con 
					FROM wp_usces_member AS member 
					INNER JOIN wp_usces_member_meta AS con ON member.ID = con.member_id AND meta_key LIKE 'continuepay_%' 
					 ORDER BY `order_id` DESC  LIMIT 0, 20
[2011-05-26 14:16:25]	where :  WHERE startdate >= '2011-04-26 00:00:00'
[2011-05-26 14:16:25]	order :  ORDER BY `order_id` ASC
[2011-05-26 14:16:25]	limit :  LIMIT 0, 20
[2011-05-26 14:16:25]	query : SELECT SUBSTR(meta_key, 13) AS order_id, member.ID, CONCAT(member.mem_name1, ' ', member.mem_name2) AS name, 
					(SELECT meta_value FROM wp_usces_member_meta WHERE member_id = member.ID AND meta_key = 'limitofcard') AS limitofcard, 
					con.meta_value AS meta_con 
					FROM wp_usces_member AS member 
					INNER JOIN wp_usces_member_meta AS con ON member.ID = con.member_id AND meta_key LIKE 'continuepay_%' 
					 ORDER BY `order_id` ASC  LIMIT 0, 20
[2011-05-26 14:16:28]	where :  WHERE startdate >= '2011-04-26 00:00:00'
[2011-05-26 14:16:28]	order :  ORDER BY `order_id` DESC
[2011-05-26 14:16:28]	limit :  LIMIT 0, 20
[2011-05-26 14:16:28]	query : SELECT SUBSTR(meta_key, 13) AS order_id, member.ID, CONCAT(member.mem_name1, ' ', member.mem_name2) AS name, 
					(SELECT meta_value FROM wp_usces_member_meta WHERE member_id = member.ID AND meta_key = 'limitofcard') AS limitofcard, 
					con.meta_value AS meta_con 
					FROM wp_usces_member AS member 
					INNER JOIN wp_usces_member_meta AS con ON member.ID = con.member_id AND meta_key LIKE 'continuepay_%' 
					 ORDER BY `order_id` DESC  LIMIT 0, 20
[2011-05-26 14:16:33]	where :  WHERE startdate >= '2011-04-26 00:00:00'
[2011-05-26 14:16:33]	order :  ORDER BY `ID` DESC
[2011-05-26 14:16:33]	limit :  LIMIT 0, 20
[2011-05-26 14:16:33]	query : SELECT SUBSTR(meta_key, 13) AS order_id, member.ID, CONCAT(member.mem_name1, ' ', member.mem_name2) AS name, 
					(SELECT meta_value FROM wp_usces_member_meta WHERE member_id = member.ID AND meta_key = 'limitofcard') AS limitofcard, 
					con.meta_value AS meta_con 
					FROM wp_usces_member AS member 
					INNER JOIN wp_usces_member_meta AS con ON member.ID = con.member_id AND meta_key LIKE 'continuepay_%' 
					 ORDER BY `ID` DESC  LIMIT 0, 20
[2011-05-26 14:16:36]	where :  WHERE startdate >= '2011-04-26 00:00:00'
[2011-05-26 14:16:36]	order :  ORDER BY `ID` ASC
[2011-05-26 14:16:36]	limit :  LIMIT 0, 20
[2011-05-26 14:16:36]	query : SELECT SUBSTR(meta_key, 13) AS order_id, member.ID, CONCAT(member.mem_name1, ' ', member.mem_name2) AS name, 
					(SELECT meta_value FROM wp_usces_member_meta WHERE member_id = member.ID AND meta_key = 'limitofcard') AS limitofcard, 
					con.meta_value AS meta_con 
					FROM wp_usces_member AS member 
					INNER JOIN wp_usces_member_meta AS con ON member.ID = con.member_id AND meta_key LIKE 'continuepay_%' 
					 ORDER BY `ID` ASC  LIMIT 0, 20
[2011-05-26 14:16:39]	where :  WHERE startdate >= '2011-04-26 00:00:00'
[2011-05-26 14:16:39]	order :  ORDER BY `name` DESC
[2011-05-26 14:16:39]	limit :  LIMIT 0, 20
[2011-05-26 14:16:39]	query : SELECT SUBSTR(meta_key, 13) AS order_id, member.ID, CONCAT(member.mem_name1, ' ', member.mem_name2) AS name, 
					(SELECT meta_value FROM wp_usces_member_meta WHERE member_id = member.ID AND meta_key = 'limitofcard') AS limitofcard, 
					con.meta_value AS meta_con 
					FROM wp_usces_member AS member 
					INNER JOIN wp_usces_member_meta AS con ON member.ID = con.member_id AND meta_key LIKE 'continuepay_%' 
					 ORDER BY `name` DESC  LIMIT 0, 20
[2011-05-26 14:16:41]	where :  WHERE startdate >= '2011-04-26 00:00:00'
[2011-05-26 14:16:41]	order :  ORDER BY `name` ASC
[2011-05-26 14:16:41]	limit :  LIMIT 0, 20
[2011-05-26 14:16:41]	query : SELECT SUBSTR(meta_key, 13) AS order_id, member.ID, CONCAT(member.mem_name1, ' ', member.mem_name2) AS name, 
					(SELECT meta_value FROM wp_usces_member_meta WHERE member_id = member.ID AND meta_key = 'limitofcard') AS limitofcard, 
					con.meta_value AS meta_con 
					FROM wp_usces_member AS member 
					INNER JOIN wp_usces_member_meta AS con ON member.ID = con.member_id AND meta_key LIKE 'continuepay_%' 
					 ORDER BY `name` ASC  LIMIT 0, 20
[2011-05-26 14:16:43]	where :  WHERE startdate >= '2011-04-26 00:00:00'
[2011-05-26 14:16:43]	order :  ORDER BY `limitofcard` DESC
[2011-05-26 14:16:43]	limit :  LIMIT 0, 20
[2011-05-26 14:16:43]	query : SELECT SUBSTR(meta_key, 13) AS order_id, member.ID, CONCAT(member.mem_name1, ' ', member.mem_name2) AS name, 
					(SELECT meta_value FROM wp_usces_member_meta WHERE member_id = member.ID AND meta_key = 'limitofcard') AS limitofcard, 
					con.meta_value AS meta_con 
					FROM wp_usces_member AS member 
					INNER JOIN wp_usces_member_meta AS con ON member.ID = con.member_id AND meta_key LIKE 'continuepay_%' 
					 ORDER BY `limitofcard` DESC  LIMIT 0, 20
[2011-05-26 14:16:46]	where :  WHERE startdate >= '2011-04-26 00:00:00'
[2011-05-26 14:16:46]	order :  ORDER BY `limitofcard` ASC
[2011-05-26 14:16:46]	limit :  LIMIT 0, 20
[2011-05-26 14:16:46]	query : SELECT SUBSTR(meta_key, 13) AS order_id, member.ID, CONCAT(member.mem_name1, ' ', member.mem_name2) AS name, 
					(SELECT meta_value FROM wp_usces_member_meta WHERE member_id = member.ID AND meta_key = 'limitofcard') AS limitofcard, 
					con.meta_value AS meta_con 
					FROM wp_usces_member AS member 
					INNER JOIN wp_usces_member_meta AS con ON member.ID = con.member_id AND meta_key LIKE 'continuepay_%' 
					 ORDER BY `limitofcard` ASC  LIMIT 0, 20
[2011-05-26 14:16:49]	where :  WHERE startdate >= '2011-04-26 00:00:00'
[2011-05-26 14:16:49]	order :  ORDER BY `price` DESC
[2011-05-26 14:16:49]	limit :  LIMIT 0, 20
[2011-05-26 14:16:49]	query : SELECT SUBSTR(meta_key, 13) AS order_id, member.ID, CONCAT(member.mem_name1, ' ', member.mem_name2) AS name, 
					(SELECT meta_value FROM wp_usces_member_meta WHERE member_id = member.ID AND meta_key = 'limitofcard') AS limitofcard, 
					con.meta_value AS meta_con 
					FROM wp_usces_member AS member 
					INNER JOIN wp_usces_member_meta AS con ON member.ID = con.member_id AND meta_key LIKE 'continuepay_%' 
					 ORDER BY `price` DESC  LIMIT 0, 20
[2011-05-26 15:23:00]	lastPage : 1
[2011-05-26 15:23:00]	previousPage : 1
[2011-05-26 15:23:00]	nextPage : 1
[2011-05-26 15:24:21]	selectedRow : 10
[2011-05-26 15:24:21]	maxRow : 10
[2011-05-26 15:24:21]	currentPage : 1
[2011-05-26 15:27:23]	selectedRow : 28
[2011-05-26 15:27:23]	maxRow : 10
[2011-05-26 15:27:23]	currentPage : 1
[2011-05-26 15:27:34]	selectedRow : 28
[2011-05-26 15:27:34]	maxRow : 10
[2011-05-26 15:27:34]	currentPage : 2
[2011-05-26 15:27:38]	selectedRow : 28
[2011-05-26 15:27:38]	maxRow : 10
[2011-05-26 15:27:38]	currentPage : 3
[2011-05-26 15:27:43]	selectedRow : 28
[2011-05-26 15:27:43]	maxRow : 10
[2011-05-26 15:27:43]	currentPage : 3
[2011-05-26 15:27:51]	selectedRow : 28
[2011-05-26 15:27:51]	maxRow : 10
[2011-05-26 15:27:51]	currentPage : 3
[2011-05-26 15:27:58]	selectedRow : 28
[2011-05-26 15:27:58]	maxRow : 10
[2011-05-26 15:27:58]	currentPage : 2
[2011-05-26 15:28:02]	selectedRow : 28
[2011-05-26 15:28:02]	maxRow : 10
[2011-05-26 15:28:02]	currentPage : 1
[2011-05-26 16:13:54]	selectedRow : 28
[2011-05-26 16:13:54]	maxRow : 10
[2011-05-26 16:13:54]	currentPage : 1
[2011-05-26 16:14:35]	selectedRow : 28
[2011-05-26 16:14:35]	maxRow : 10
[2011-05-26 16:14:35]	currentPage : 1
[2011-05-26 16:14:41]	selectedRow : 28
[2011-05-26 16:14:41]	maxRow : 10
[2011-05-26 16:14:41]	currentPage : 2
[2011-05-26 16:14:47]	selectedRow : 28
[2011-05-26 16:14:47]	maxRow : 10
[2011-05-26 16:14:47]	currentPage : 1
[2011-05-26 16:16:02]	selectedRow : 28
[2011-05-26 16:16:02]	maxRow : 40
[2011-05-26 16:16:02]	currentPage : 1
[2011-05-26 16:41:49]	selectedRow : 28
[2011-05-26 16:41:49]	maxRow : 40
[2011-05-26 16:41:49]	currentPage : 1
[2011-05-26 16:44:21]	selectedRow : 27
[2011-05-26 16:44:21]	maxRow : 40
[2011-05-26 16:44:21]	currentPage : 1
[2011-05-26 16:44:41]	selectedRow : 28
[2011-05-26 16:44:41]	maxRow : 40
[2011-05-26 16:44:41]	currentPage : 1
[2011-05-26 16:45:29]	selectedRow : 28
[2011-05-26 16:45:29]	maxRow : 40
[2011-05-26 16:45:29]	currentPage : 1
[2011-05-26 16:45:53]	selectedRow : 28
[2011-05-26 16:45:53]	maxRow : 40
[2011-05-26 16:45:53]	currentPage : 1
[2011-05-26 17:02:30]	selectedRow : 28
[2011-05-26 17:02:30]	maxRow : 40
[2011-05-26 17:02:30]	currentPage : 1
[2011-05-26 17:30:21]	selectedRow : 28
[2011-05-26 17:30:21]	maxRow : 40
[2011-05-26 17:30:21]	currentPage : 1
[2011-05-26 17:33:45]	selectedRow : 28
[2011-05-26 17:33:45]	maxRow : 40
[2011-05-26 17:33:45]	currentPage : 1
[2011-05-26 17:44:00]	remise construct : 1105261743300000851041895467
[2011-05-26 17:44:01]	remise card_update : Array
(
    [X-PAYQUICKID] => 
    [X-REFGATEWAYNO] => 1
    [X-AC_INTERVAL] => 1M
    [X-REFFORWARDED] => 15250
    [X-AC_TAX] => 
    [REC_TYPE] => RET
    [X-REFAPPROVED] => 1743486
    [X-ERRLEVEL] => 0
    [X-R_CODE] => 0:0000
    [X-ERRINFO] => 000000000
    [X-AC_MEMBERID] => 36852000000722
    [X-TOTAL] => 945
    [X-EXPIRE] => 0811
    [X-AC_S_KAIIN_NO] => 1013
    [X-S_TORIHIKI_NO] => 00000000621859276
    [X-TAX] => 
    [X-AC_NEXT_DATE] => 20110601
    [X-AMOUNT] => 945
    [X-ERRCODE] =>    
    [X-NAME] => MASAMITSU NANBU
    [X-AC_TOTAL] => 945
    [X-PARTOFCARD] => 1111
    [X-AC_AMOUNT] => 945
    [X-TRANID] => 1105261743300000851041895467
)

[2011-05-26 17:59:08]	selectedRow : 28
[2011-05-26 17:59:08]	maxRow : 40
[2011-05-26 17:59:08]	currentPage : 1
[2011-05-26 18:00:27]	selectedRow : 28
[2011-05-26 18:00:27]	maxRow : 40
[2011-05-26 18:00:27]	currentPage : 1
[2011-05-26 18:00:51]	selectedRow : 28
[2011-05-26 18:00:51]	maxRow : 40
[2011-05-26 18:00:51]	currentPage : 1
[2011-05-26 18:02:30]	remise construct : 1105261802300000851041895475
[2011-05-26 18:02:31]	remise card_update : Array
(
    [X-PAYQUICKID] => 
    [X-REFGATEWAYNO] => 1
    [X-AC_INTERVAL] => 1M
    [X-REFFORWARDED] => 15250
    [X-AC_TAX] => 
    [REC_TYPE] => RET
    [X-REFAPPROVED] => 1802177
    [X-ERRLEVEL] => 0
    [X-R_CODE] => 0:0000
    [X-ERRINFO] => 000000000
    [X-AC_MEMBERID] => 36852000000722
    [X-TOTAL] => 525
    [X-EXPIRE] => 0711
    [X-AC_S_KAIIN_NO] => 1013
    [X-S_TORIHIKI_NO] => 00000000351954296
    [X-TAX] => 
    [X-AC_NEXT_DATE] => 20110601
    [X-AMOUNT] => 525
    [X-ERRCODE] =>    
    [X-NAME] => NANBU MASAMITSU
    [X-AC_TOTAL] => 525
    [X-PARTOFCARD] => 1111
    [X-AC_AMOUNT] => 525
    [X-TRANID] => 1105261802300000851041895475
)

[2011-05-26 18:05:01]	remise construct : 1105261804300000851041895478
[2011-05-26 18:05:01]	remise card_update : Array
(
    [X-PAYQUICKID] => 
    [X-REFGATEWAYNO] => 1
    [X-AC_INTERVAL] => 1M
    [X-REFFORWARDED] => 15250
    [X-AC_TAX] => 
    [REC_TYPE] => RET
    [X-REFAPPROVED] => 1804491
    [X-ERRLEVEL] => 0
    [X-R_CODE] => 0:0000
    [X-ERRINFO] => 000000000
    [X-AC_MEMBERID] => 36852000000722
    [X-TOTAL] => 525
    [X-EXPIRE] => 1011
    [X-AC_S_KAIIN_NO] => 1013
    [X-S_TORIHIKI_NO] => 00000000861181347
    [X-TAX] => 
    [X-AC_NEXT_DATE] => 20110601
    [X-AMOUNT] => 525
    [X-ERRCODE] =>    
    [X-NAME] => TARO YAMADA
    [X-AC_TOTAL] => 525
    [X-PARTOFCARD] => 1111
    [X-AC_AMOUNT] => 525
    [X-TRANID] => 1105261804300000851041895478
)

[2011-05-26 18:09:56]	remise construct : 1105261809300000851041895483
[2011-05-26 18:09:57]	remise card_update : Array
(
    [X-PAYQUICKID] => 
    [X-REFGATEWAYNO] => 1
    [X-AC_INTERVAL] => 1M
    [X-REFFORWARDED] => 15250
    [X-AC_TAX] => 
    [REC_TYPE] => RET
    [X-REFAPPROVED] => 1809443
    [X-ERRLEVEL] => 0
    [X-R_CODE] => 0:0000
    [X-ERRINFO] => 000000000
    [X-AC_MEMBERID] => 36852000000722
    [X-TOTAL] => 525
    [X-EXPIRE] => 1014
    [X-AC_S_KAIIN_NO] => 1013
    [X-S_TORIHIKI_NO] => 00000000574621464
    [X-TAX] => 
    [X-AC_NEXT_DATE] => 20110601
    [X-AMOUNT] => 525
    [X-ERRCODE] =>    
    [X-NAME] => TARO YAMADA
    [X-AC_TOTAL] => 525
    [X-PARTOFCARD] => 1111
    [X-AC_AMOUNT] => 525
    [X-TRANID] => 1105261809300000851041895483
)

[2011-05-26 18:16:01]	remise construct : 1105261816300000851041895484
[2011-05-26 18:16:01]	remise card_update : Array
(
    [X-PAYQUICKID] => 
    [X-REFGATEWAYNO] => 1
    [X-AC_INTERVAL] => 1M
    [X-REFFORWARDED] => 15250
    [X-AC_TAX] => 
    [REC_TYPE] => RET
    [X-REFAPPROVED] => 1815496
    [X-ERRLEVEL] => 0
    [X-R_CODE] => 0:0000
    [X-ERRINFO] => 000000000
    [X-AC_MEMBERID] => 36852000000722
    [X-TOTAL] => 525
    [X-EXPIRE] => 1116
    [X-AC_S_KAIIN_NO] => 1013
    [X-S_TORIHIKI_NO] => 00000000046828839
    [X-TAX] => 
    [X-AC_NEXT_DATE] => 20110601
    [X-AMOUNT] => 525
    [X-ERRCODE] =>    
    [X-NAME] => TARO YAMADA
    [X-AC_TOTAL] => 525
    [X-PARTOFCARD] => 1111
    [X-AC_AMOUNT] => 525
    [X-TRANID] => 1105261816300000851041895484
)

[2011-05-26 18:17:24]	remise construct : 1105261817300000851041895487
[2011-05-26 18:17:24]	remise card_update : Array
(
    [X-PAYQUICKID] => 
    [X-REFGATEWAYNO] => 1
    [X-AC_INTERVAL] => 1M
    [X-REFFORWARDED] => 15250
    [X-AC_TAX] => 
    [REC_TYPE] => RET
    [X-REFAPPROVED] => 1817121
    [X-ERRLEVEL] => 0
    [X-R_CODE] => 0:0000
    [X-ERRINFO] => 000000000
    [X-AC_MEMBERID] => 36852000000722
    [X-TOTAL] => 525
    [X-EXPIRE] => 1015
    [X-AC_S_KAIIN_NO] => 1013
    [X-S_TORIHIKI_NO] => 00000000107196627
    [X-TAX] => 
    [X-AC_NEXT_DATE] => 20110601
    [X-AMOUNT] => 525
    [X-ERRCODE] =>    
    [X-NAME] => TARO YAMADA
    [X-AC_TOTAL] => 525
    [X-PARTOFCARD] => 1111
    [X-AC_AMOUNT] => 525
    [X-TRANID] => 1105261817300000851041895487
)

[2011-05-26 18:19:20]	remise construct : 1105261819300000851041895488
[2011-05-26 18:19:21]	remise card_update : Array
(
    [X-PAYQUICKID] => 
    [X-REFGATEWAYNO] => 1
    [X-AC_INTERVAL] => 1M
    [X-REFFORWARDED] => 15250
    [X-AC_TAX] => 
    [REC_TYPE] => RET
    [X-REFAPPROVED] => 1819088
    [X-ERRLEVEL] => 0
    [X-R_CODE] => 0:0000
    [X-ERRINFO] => 000000000
    [X-AC_MEMBERID] => 36852000000722
    [X-TOTAL] => 525
    [X-EXPIRE] => 1113
    [X-AC_S_KAIIN_NO] => 1013
    [X-S_TORIHIKI_NO] => 00000000610675357
    [X-TAX] => 
    [X-AC_NEXT_DATE] => 20110601
    [X-AMOUNT] => 525
    [X-ERRCODE] =>    
    [X-NAME] => TARO YAMADA
    [X-AC_TOTAL] => 525
    [X-PARTOFCARD] => 1111
    [X-AC_AMOUNT] => 525
    [X-TRANID] => 1105261819300000851041895488
)

[2011-05-26 18:20:38]	remise construct : 1105261820300000851041895489
[2011-05-26 18:20:39]	remise card_update : Array
(
    [X-PAYQUICKID] => 
    [X-REFGATEWAYNO] => 1
    [X-AC_INTERVAL] => 1M
    [X-REFFORWARDED] => 15250
    [X-AC_TAX] => 
    [REC_TYPE] => RET
    [X-REFAPPROVED] => 1820269
    [X-ERRLEVEL] => 0
    [X-R_CODE] => 0:0000
    [X-ERRINFO] => 000000000
    [X-AC_MEMBERID] => 36852000000722
    [X-TOTAL] => 525
    [X-EXPIRE] => 1113
    [X-AC_S_KAIIN_NO] => 1013
    [X-S_TORIHIKI_NO] => 00000001219833761
    [X-TAX] => 
    [X-AC_NEXT_DATE] => 20110601
    [X-AMOUNT] => 525
    [X-ERRCODE] =>    
    [X-NAME] => TARO YAMADA
    [X-AC_TOTAL] => 525
    [X-PARTOFCARD] => 1111
    [X-AC_AMOUNT] => 525
    [X-TRANID] => 1105261820300000851041895489
)

[2011-05-26 18:21:55]	selectedRow : 29
[2011-05-26 18:21:55]	maxRow : 40
[2011-05-26 18:21:55]	currentPage : 1
[2011-05-26 18:27:19]	selectedRow : 28
[2011-05-26 18:27:19]	maxRow : 40
[2011-05-26 18:27:19]	currentPage : 1
[2011-05-26 18:27:54]	selectedRow : 28
[2011-05-26 18:27:54]	maxRow : 40
[2011-05-26 18:27:54]	currentPage : 1
[2011-05-26 18:28:12]	selectedRow : 28
[2011-05-26 18:28:12]	maxRow : 40
[2011-05-26 18:28:12]	currentPage : 1
[2011-05-26 18:28:51]	selectedRow : 28
[2011-05-26 18:28:51]	maxRow : 40
[2011-05-26 18:28:51]	currentPage : 1
[2011-05-27 11:26:51]	selectedRow : 28
[2011-05-27 11:26:51]	maxRow : 40
[2011-05-27 11:26:51]	currentPage : 1
[2011-05-31 01:36:52]	selectedRow : 28
[2011-05-31 01:36:52]	maxRow : 40
[2011-05-31 01:36:52]	currentPage : 1
[2011-05-31 01:43:10]	selectedRow : 28
[2011-05-31 01:43:10]	maxRow : 40
[2011-05-31 01:43:10]	currentPage : 1
[2011-05-31 01:43:36]	selectedRow : 28
[2011-05-31 01:43:36]	maxRow : 40
[2011-05-31 01:43:36]	currentPage : 1
