1[2011-10-21 18:02:46]	reg_orderdata : 
[2011-10-22 04:34:59]	payment : Array
(
    [0] => Array
        (
            [name] => 銀行
            [explanation] => 
            [settlement] => transferAdvance
            [module] => 
            [sort] => 1
        )

    [1] => Array
        (
            [name] => ゼウス
            [explanation] => ゼウスカード決済
            [settlement] => acting_zeus_card
            [module] => 
            [sort] => 0
        )

)

[2011-10-22 04:34:59]	USCES_UP11 : Array
(
)

